Custom UCL scrape · season 2025/26 · 53 leagues

=== #1 Premier League (GB1) · 2025/26 ===
  20 clubs
     1/20 Manchester City            30p · ovr 92
     2/20 Arsenal FC                 30p · ovr 92
     3/20 Chelsea FC                 30p · ovr 90
     4/20 Liverpool FC               30p · ovr 92
     5/20 Tottenham Hotspur          30p · ovr 88
     6/20 Manchester United          30p · ovr 88
     7/20 Crystal Palace             30p · ovr 88
     8/20 Newcastle United           30p · ovr 89
     9/20 AFC Bournemouth            30p · ovr 87
    10/20 Nottingham Forest          30p · ovr 87
    11/20 Brighton & Hove Albion     30p · ovr 86
    12/20 Aston Villa                30p · ovr 88
    13/20 Brentford FC               30p · ovr 87
    14/20 West Ham United            30p · ovr 85
    15/20 Everton FC                 30p · ovr 86
    16/20 Sunderland AFC             30p · ovr 85
    17/20 Wolverhampton Wanderers    30p · ovr 85
    18/20 Fulham FC                  30p · ovr 86
    19/20 Leeds United               30p · ovr 86
    20/20 Burnley FC                 30p · ovr 82

=== #2 Serie A (IT1) · 2025/26 ===
  20 clubs
     1/20 Inter Milan                30p · ovr 89
     2/20 Juventus FC                30p · ovr 87
     3/20 AC Milan                   30p · ovr 88
     4/20 AS Roma                    30p · ovr 85
     5/20 Atalanta BC                30p · ovr 86
     6/20 SSC Napoli                 30p · ovr 87
     7/20 Como 1907                  30p · ovr 84
     8/20 Bologna FC 1909            30p · ovr 84
     9/20 SS Lazio                   30p · ovr 83
    10/20 ACF Fiorentina             30p · ovr 82
    11/20 US Sassuolo                30p · ovr 82
    12/20 Udinese Calcio             30p · ovr 81
    13/20 Parma Calcio 1913          30p · ovr 80
    14/20 Cagliari Calcio            30p · ovr 80
    15/20 Genoa CFC                  30p · ovr 80
    16/20 Torino FC                  30p · ovr 79
    17/20 US Lecce                   30p · ovr 77
    18/20 Pisa Sporting Club         30p · ovr 77
    19/20 Hellas Verona              30p · ovr 76
    20/20 US Cremonese               30p · ovr 77

=== #3 LaLiga (ES1) · 2025/26 ===
  20 clubs
     1/20 Real Madrid                30p · ovr 91
     2/20 FC Barcelona               30p · ovr 91
     3/20 Atlético de Madrid         30p · ovr 88
     4/20 Villarreal CF              30p · ovr 85
     5/20 Real Sociedad              30p · ovr 82
     6/20 Real Betis Balompié        30p · ovr 83
     7/20 Athletic Bilbao            30p · ovr 82
     8/20 Celta de Vigo              30p · ovr 81
     9/20 Girona FC                  30p · ovr 82
    10/20 Sevilla FC                 30p · ovr 82
    11/20 Valencia CF                30p · ovr 81
    12/20 RCD Espanyol Barcelona     30p · ovr 80
    13/20 Elche CF                   30p · ovr 77
    14/20 Levante UD                 30p · ovr 77
    15/20 Rayo Vallecano             30p · ovr 79
    16/20 CA Osasuna                 30p · ovr 79
    17/20 Getafe CF                  30p · ovr 78
    18/20 RCD Mallorca               30p · ovr 78
    19/20 Deportivo Alavés           30p · ovr 77
    20/20 Real Oviedo                30p · ovr 75

=== #4 Bundesliga (L1) · 2025/26 ===
  18 clubs
     1/18 Bayern Munich              30p · ovr 91
     2/18 RB Leipzig                 30p · ovr 86
     3/18 Bayer 04 Leverkusen        30p · ovr 86
     4/18 Borussia Dortmund          30p · ovr 87
     5/18 VfB Stuttgart              30p · ovr 85
     6/18 Eintracht Frankfurt        30p · ovr 83
     7/18 TSG 1899 Hoffenheim        30p · ovr 84
     8/18 SC Freiburg                30p · ovr 82
     9/18 VfL Wolfsburg              30p · ovr 80
    10/18 Hamburger SV               30p · ovr 79
    11/18 FC Augsburg                30p · ovr 80
    12/18 SV Werder Bremen           30p · ovr 80
    13/18 Borussia Mönchengladbach   30p · ovr 80
    14/18 1.FSV Mainz 05             30p · ovr 79
    15/18 1.FC Köln                  30p · ovr 79
    16/18 1.FC Union Berlin          30p · ovr 80
    17/18 1.FC Heidenheim 1846       30p · ovr 75
    18/18 FC St. Pauli               30p · ovr 76

=== #5 Ligue 1 (FR1) · 2025/26 ===
  18 clubs
     1/18 Paris Saint-Germain        30p · ovr 91
     2/18 Olympique Marseille        30p · ovr 86
     3/18 RC Strasbourg Alsace       30p · ovr 83
     4/18 AS Monaco                  30p · ovr 85
     5/18 Olympique Lyon             30p · ovr 83
     6/18 Stade Rennais FC           30p · ovr 84
     7/18 LOSC Lille                 30p · ovr 83
     8/18 RC Lens                    30p · ovr 82
     9/18 OGC Nice                   30p · ovr 81
    10/18 FC Toulouse                30p · ovr 79
    11/18 Paris FC                   30p · ovr 80
    12/18 Angers SCO                 30p · ovr 78
    13/18 FC Lorient                 30p · ovr 79
    14/18 FC Nantes                  30p · ovr 76
    15/18 AJ Auxerre                 30p · ovr 78
    16/18 Stade Brestois 29          30p · ovr 79
    17/18 FC Metz                    30p · ovr 76
    18/18 Le Havre AC                30p · ovr 77

=== #6 Liga Portugal (PO1) · 2025/26 ===
  18 clubs
     1/18 Sporting CP                30p · ovr 86
     2/18 FC Porto                   30p · ovr 84
     3/18 SL Benfica                 30p · ovr 85
     4/18 SC Braga                   30p · ovr 80
     5/18 FC Famalicão               30p · ovr 77
     6/18 Vitória Guimarães SC       30p · ovr 75
     7/18 Gil Vicente FC             30p · ovr 74
     8/18 GD Estoril Praia           30p · ovr 75
     9/18 FC Alverca                 30p · ovr 73
    10/18 Rio Ave FC                 30p · ovr 74
    11/18 CD Santa Clara             30p · ovr 73
    12/18 Moreirense FC              30p · ovr 71
    13/18 CF Estrela Amadora         30p · ovr 70
    14/18 Casa Pia AC                30p · ovr 70
    15/18 FC Arouca                  30p · ovr 71
    16/18 CD Tondela                 30p · ovr 69
    17/18 CD Nacional                30p · ovr 70
    18/18 Avs Futebol                30p · ovr 67

=== #7 Pro League (BE1) · 2025/26 ===
  16 clubs
     1/16 Club Brugge KV             30p · ovr 82
     2/16 KRC Genk                   30p · ovr 79
     3/16 Union Saint-Gilloise       30p · ovr 81
     4/16 RSC Anderlecht             30p · ovr 76
     5/16 Royal Antwerp FC           30p · ovr 75
     6/16 KAA Gent                   30p · ovr 75
     7/16 KVC Westerlo               30p · ovr 75
     8/16 Sint-Truidense VV          30p · ovr 76
     9/16 KV Mechelen                30p · ovr 74
    10/16 Standard Liège             30p · ovr 75
    11/16 Royal Charleroi SC         30p · ovr 74
    12/16 Cercle Brugge              30p · ovr 73
    13/16 Oud-Heverlee Leuven        30p · ovr 71
    14/16 Zulte Waregem              30p · ovr 70
    15/16 FCV Dender EH              30p · ovr 70
    16/16 RAAL La Louvière           30p · ovr 69

=== #8 Eredivisie (NL1) · 2025/26 ===
  18 clubs
     1/18 PSV Eindhoven              30p · ovr 84
     2/18 Ajax Amsterdam             30p · ovr 81
     3/18 Feyenoord Rotterdam        30p · ovr 82
     4/18 AZ Alkmaar                 30p · ovr 80
     5/18 FC Utrecht                 30p · ovr 76
     6/18 FC Twente Enschede         30p · ovr 77
     7/18 NEC Nijmegen               30p · ovr 76
     8/18 SC Heerenveen              30p · ovr 75
     9/18 FC Groningen               30p · ovr 72
    10/18 Sparta Rotterdam           30p · ovr 72
    11/18 Go Ahead Eagles            30p · ovr 72
    12/18 Fortuna Sittard            30p · ovr 71
    13/18 PEC Zwolle                 30p · ovr 70
    14/18 Excelsior Rotterdam        30p · ovr 68
    15/18 FC Volendam                30p · ovr 68
    16/18 Heracles Almelo            30p · ovr 66
    17/18 SC Telstar                 30p · ovr 67
    18/18 NAC Breda                  30p · ovr 68

=== #9 Süper Lig (TR1) · 2025/26 ===
  18 clubs
     1/18 Galatasaray                30p · ovr 86
     2/18 Fenerbahce                 30p · ovr 85
     3/18 Besiktas JK                30p · ovr 82
     4/18 Trabzonspor                30p · ovr 81
     5/18 Göztepe                    30p · ovr 76
     6/18 Basaksehir FK              30p · ovr 76
     7/18 Samsunspor                 30p · ovr 76
     8/18 Caykur Rizespor            30p · ovr 75
     9/18 Konyaspor                  30p · ovr 73
    10/18 Alanyaspor                 30p · ovr 73
    11/18 Eyüpspor                   30p · ovr 73
    12/18 Kasimpasa                  30p · ovr 73
    13/18 Gaziantep FK               30p · ovr 72
    14/18 Kayserispor                30p · ovr 72
    15/18 Kocaelispor                30p · ovr 72
    16/18 Genclerbirligi Ankara      30p · ovr 71
    17/18 Antalyaspor                30p · ovr 72
    18/18 Fatih Karagümrük           30p · ovr 70

=== #10 Chance Liga (TS1) · 2025/26 ===
  16 clubs
     1/16 SK Slavia Prague           30p · ovr 78
     2/16 AC Sparta Prague           30p · ovr 76
     3/16 FC Viktoria Plzen          30p · ovr 76
     4/16 SK Sigma Olomouc           30p · ovr 69
     5/16 FC Banik Ostrava           30p · ovr 68
     6/16 FC Slovan Liberec          30p · ovr 69
     7/16 MFK Karvina                30p · ovr 67
     8/16 FK Pardubice               30p · ovr 67
     9/16 FK Jablonec                30p · ovr 67
    10/16 FK Mlada Boleslav          30p · ovr 66
    11/16 FC Hradec Kralove          30p · ovr 68
    12/16 FK Dukla Prague            30p · ovr 64
    13/16 FK Teplice                 30p · ovr 64
    14/16 Bohemians Prague 1905      30p · ovr 65
    15/16 1.FC Slovacko              30p · ovr 64
    16/16 FC Zlin                    30p · ovr 65

=== #11 Ekstraklasa (PL1) · 2025/26 ===
  18 clubs
     1/18 Jagiellonia Bialystok      30p · ovr 73
     2/18 Lech Poznan                30p · ovr 73
     3/18 Raków Częstochowa          30p · ovr 73
     4/18 Legia Warszawa             30p · ovr 71
     5/18 Widzew Lodz                30p · ovr 72
     6/18 Cracovia                   30p · ovr 70
     7/18 Górnik Zabrze              30p · ovr 71
     8/18 Pogon Szczecin             30p · ovr 70
     9/18 Lechia Gdansk              30p · ovr 69
    10/18 Zaglebie Lubin             30p · ovr 67
    11/18 Wisla Plock                30p · ovr 68
    12/18 Motor Lublin               30p · ovr 68
    13/18 Radomiak Radom             30p · ovr 68
    14/18 Korona Kielce              30p · ovr 68
    15/18 Piast Gliwice              30p · ovr 67
    16/18 GKS Katowice               30p · ovr 67
    17/18 Arka Gdynia                30p · ovr 64
    18/18 Bruk-Bet Termalica Nieciecza 30p · ovr 64

=== #12 Super League 1 (GR1) · 2025/26 ===
  14 clubs
     1/14 Olympiacos Piraeus         30p · ovr 80
     2/14 Panathinaikos              30p · ovr 79
     3/14 PAOK Thessaloniki          30p · ovr 79
     4/14 AEK Athens                 30p · ovr 78
     5/14 Aris Thessaloniki          30p · ovr 74
     6/14 AE Kifisia                 30p · ovr 68
     7/14 OFI Crete                  30p · ovr 69
     8/14 Panetolikos                30p · ovr 68
     9/14 Levadiakos                 30p · ovr 70
    10/14 Atromitos Athens           30p · ovr 69
    11/14 Asteras Aktor              30p · ovr 67
    12/14 AE Larisa                  30p · ovr 67
    13/14 Volos NFC                  30p · ovr 67
    14/14 Panserraikos               30p · ovr 67

=== #13 Superliga (DK1) · 2025/26 ===
  12 clubs
     1/12 FC Copenhagen              30p · ovr 77
     2/12 FC Midtjylland             30p · ovr 78
     3/12 FC Nordsjaelland           30p · ovr 73
     4/12 Bröndby IF                 30p · ovr 75
     5/12 Aarhus GF                  30p · ovr 74
     6/12 Viborg FF                  30p · ovr 71
     7/12 Randers FC                 30p · ovr 70
     8/12 Silkeborg IF               30p · ovr 70
     9/12 Odense Boldklub            30p · ovr 70
    10/12 Sönderjyske Fodbold        30p · ovr 69
    11/12 Vejle Boldklub             30p · ovr 66
    12/12 FC Fredericia              30p · ovr 65

=== #14 Eliteserien (NO1) · 2025/26 ===
  16 clubs
     1/16 FK Bodø/Glimt              26p · ovr 77
     2/16 Viking FK                  26p · ovr 73
     3/16 Tromsø IL                  24p · ovr 70
     4/16 Molde FK                   29p · ovr 70
     5/16 SK Brann                   29p · ovr 70
     6/16 Rosenborg BK               28p · ovr 69
     7/16 Sarpsborg 08 FF            25p · ovr 68
     8/16 Fredrikstad FK             26p · ovr 67
     9/16 Vålerenga Fotball Elite    26p · ovr 68
    10/16 Sandefjord Fotball         22p · ovr 67
    11/16 Lillestrøm SK              25p · ovr 68
    12/16 Kristiansund BK            25p · ovr 65
    13/16 Aalesunds FK               26p · ovr 65
    14/16 Hamarkameratene            27p · ovr 66
    15/16 IK Start                   28p · ovr 66
    16/16 KFUM-Kameratene Oslo       27p · ovr 65

=== #15 First Division (ZYP1) · 2025/26 ===
  14 clubs
     1/14 Pafos FC                   30p · ovr 73
     2/14 Aris Limassol              30p · ovr 71
     3/14 Omonia Nicosia             30p · ovr 71
     4/14 APOEL Nicosia              30p · ovr 70
     5/14 AEK Larnaca                30p · ovr 70
     6/14 Apollon Limassol           30p · ovr 69
     7/14 AEL Limassol               30p · ovr 67
     8/14 Anorthosis Famagusta       30p · ovr 66
     9/14 Ethnikos Achna             30p · ovr 64
    10/14 Omonia Aradippou           30p · ovr 65
    11/14 Krasava ENY                30p · ovr 65
    12/14 Olympiakos Nicosia         30p · ovr 64
    13/14 Akritas Chloraka           30p · ovr 63
    14/14 Enosis Neon Paralimni      30p · ovr 61

=== #16 Super League (C1) · 2025/26 ===
  12 clubs
     1/12 FC Basel 1893              30p · ovr 76
     2/12 BSC Young Boys             30p · ovr 75
     3/12 FC Lugano                  30p · ovr 75
     4/12 FC St. Gallen 1879         30p · ovr 73
     5/12 FC Lausanne-Sport          30p · ovr 71
     6/12 FC Luzern                  30p · ovr 70
     7/12 FC Zürich                  30p · ovr 70
     8/12 FC Thun                    30p · ovr 71
     9/12 FC Sion                    30p · ovr 71
    10/12 Grasshopper Club Zurich    30p · ovr 68
    11/12 Servette FC                30p · ovr 70
    12/12 FC Winterthur              30p · ovr 65

=== #17 Allsvenskan (SE1) · 2025/26 ===
  16 clubs
     1/16 Malmö FF                   30p · ovr 73
     2/16 Hammarby IF                24p · ovr 72
     3/16 Djurgårdens IF             25p · ovr 70
     4/16 IK Sirius                  28p · ovr 69
     5/16 Mjällby AIF                29p · ovr 69
     6/16 AIK                        30p · ovr 69
     7/16 IFK Göteborg               25p · ovr 68
     8/16 BK Häcken                  25p · ovr 69
     9/16 IF Elfsborg                27p · ovr 69
    10/16 GAIS                       27p · ovr 67
    11/16 Kalmar FF                  25p · ovr 66
    12/16 IF Brommapojkarna          30p · ovr 65
    13/16 Västerås SK                24p · ovr 66
    14/16 Halmstads BK               21p · ovr 65
    15/16 Örgryte IS                 26p · ovr 66
    16/16 Degerfors IF               21p · ovr 65

=== #18 NB I (UNG1) · 2025/26 ===
  12 clubs
     1/12 Ferencvárosi TC            30p · ovr 74
     2/12 Újpest FC                  30p · ovr 69
     3/12 ETO FC                     30p · ovr 68
     4/12 MTK Budapest               30p · ovr 67
     5/12 Puskás Akadémia FC         30p · ovr 69
     6/12 Zalaegerszegi TE FC        30p · ovr 64
     7/12 Debreceni VSC              30p · ovr 66
     8/12 Nyíregyháza Spartacus      30p · ovr 64
     9/12 Paksi FC                   30p · ovr 67
    10/12 Diósgyőri VTK              30p · ovr 65
    11/12 Kisvárda FC                30p · ovr 64
    12/12 Kazincbarcikai SC          30p · ovr 63

=== #19 Scottish Premiership (SC1) · 2025/26 ===
  12 clubs
     1/12 Rangers FC                 30p · ovr 78
     2/12 Celtic FC                  30p · ovr 80
     3/12 Heart of Midlothian FC     30p · ovr 72
     4/12 Hibernian FC               30p · ovr 70
     5/12 Aberdeen FC                30p · ovr 69
     6/12 Motherwell FC              30p · ovr 69
     7/12 Kilmarnock FC              30p · ovr 65
     8/12 Dundee United FC           30p · ovr 66
     9/12 Dundee FC                  30p · ovr 64
    10/12 St. Mirren FC              30p · ovr 64
    11/12 Falkirk FC                 30p · ovr 63
    12/12 Livingston FC              30p · ovr 63

=== #20 Bundesliga (A1) · 2025/26 ===
  12 clubs
     1/12 Red Bull Salzburg          30p · ovr 77
     2/12 Rapid Vienna               30p · ovr 73
     3/12 SK Sturm Graz              30p · ovr 72
     4/12 LASK                       30p · ovr 74
     5/12 Wolfsberger AC             30p · ovr 70
     6/12 Austria Vienna             30p · ovr 70
     7/12 TSV Hartberg               30p · ovr 66
     8/12 SCR Altach                 30p · ovr 68
     9/12 SV Ried                    30p · ovr 66
    10/12 Grazer AK 1902             30p · ovr 66
    11/12 FC Blau-Weiss Linz         30p · ovr 66
    12/12 WSG Tirol                  29p · ovr 66

=== #21 Premier Liha (UKR1) · 2025/26 ===
  16 clubs
     1/16 Shakhtar Donetsk           30p · ovr 80
     2/16 Dynamo Kyiv                30p · ovr 77
     3/16 Polissya Zhytomyr          30p · ovr 72
     4/16 Karpaty Lviv               30p · ovr 69
     5/16 LNZ Cherkasy               30p · ovr 71
     6/16 FC Kharkiv                 30p · ovr 69
     7/16 Kryvbas Kryvyi Rig         30p · ovr 68
     8/16 Kolos Kovalivka            30p · ovr 68
     9/16 Rukh Lviv                  30p · ovr 65
    10/16 Zorya Lugansk              30p · ovr 68
    11/16 FC Oleksandriya            30p · ovr 66
    12/16 NK Veres Rivne             30p · ovr 66
    13/16 Obolon Kyiv                30p · ovr 65
    14/16 Epicentr Kamyanets-Podilskyi 30p · ovr 65
    15/16 FC Kudrivka                30p · ovr 64
    16/16 SC Poltava                 30p · ovr 63

=== #22 SuperLiga (RO1) · 2025/26 ===
  16 clubs
     1/16 CFR Cluj                   30p · ovr 71
     2/16 FCSB                       30p · ovr 73
     3/16 Universitatea Craiova      30p · ovr 73
     4/16 FC Rapid 1923              30p · ovr 71
     5/16 FC Dinamo 1948             30p · ovr 70
     6/16 FC Universitatea Cluj      30p · ovr 70
     7/16 ACSC FC Arges              30p · ovr 68
     8/16 UTA Arad                   30p · ovr 68
     9/16 FC Botosani                30p · ovr 68
    10/16 Petrolul Ploiesti          30p · ovr 66
    11/16 FC Hermannstadt            30p · ovr 67
    12/16 SC Otelul Galati           30p · ovr 68
    13/16 FCV Farul Constanta        30p · ovr 66
    14/16 FK Csikszereda Miercurea Ciuc 30p · ovr 65
    15/16 AFC Unirea 04 Slobozia     30p · ovr 65
    16/16 FC Metaloglobus Bucharest  30p · ovr 63

=== #23 HNL (KR1) · 2025/26 ===
  10 clubs
     1/10 GNK Dinamo Zagreb          30p · ovr 76
     2/10 HNK Hajduk Split           30p · ovr 73
     3/10 HNK Rijeka                 30p · ovr 72
     4/10 NK Istra 1961              30p · ovr 68
     5/10 NK Osijek                  30p · ovr 67
     6/10 NK Lokomotiva Zagreb       30p · ovr 66
     7/10 NK Varazdin                30p · ovr 67
     8/10 Slaven Belupo Koprivnica   30p · ovr 66
     9/10 HNK Gorica                 30p · ovr 67
    10/10 HNK Vukovar 1991           30p · ovr 63

=== #24 PrvaLiga (SL1) · 2025/26 ===
  10 clubs
     1/10 NK Celje                   30p · ovr 68
     2/10 NK Olimpija Ljubljana      30p · ovr 66
     3/10 NK Maribor                 30p · ovr 66
     4/10 FC Koper                   30p · ovr 65
     5/10 NK Bravo                   30p · ovr 64
     6/10 NK Radomlje                30p · ovr 62
     7/10 NS Mura                    30p · ovr 62
     8/10 NK Aluminij Kidricevo      30p · ovr 62
     9/10 ND Primorje                30p · ovr 61
    10/10 NK Domzale                 30p · ovr 60

=== #25 Ligat haAl (ISR1) · 2025/26 ===
  14 clubs
     1/14 Maccabi Tel Aviv           30p · ovr 73
     2/14 Maccabi Haifa              30p · ovr 71
     3/14 Hapoel Beer Sheva          30p · ovr 71
     4/14 Beitar Jerusalem           30p · ovr 70
     5/14 Hapoel Tel Aviv            30p · ovr 67
     6/14 Maccabi Netanya            30p · ovr 65
     7/14 Hapoel Jerusalem           30p · ovr 63
     8/14 Hapoel Petah Tikva         30p · ovr 64
     9/14 Ironi Kiryat Shmona        30p · ovr 65
    10/14 FC Ashdod                  30p · ovr 63
    11/14 Hapoel Haifa               30p · ovr 65
    12/14 Maccabi Bnei Reineh        30p · ovr 64
    13/14 Ironi Tiberias             29p · ovr 64
    14/14 Ihud Bnei Sakhnin          30p · ovr 63

=== #26 Premyer Liqa (AZ1) · 2025/26 ===
  12 clubs
     1/12 Qarabağ FK                 30p · ovr 73
     2/12 Sabah FK                   30p · ovr 71
     3/12 Zira FC                    30p · ovr 69
     4/12 Neftchi PFK                29p · ovr 69
     5/12 Turan-Tovuz IK             30p · ovr 69
     6/12 Sumgayit PFC               30p · ovr 67
     7/12 Araz-Nakhchivan            26p · ovr 68
     8/12 FC Shamakhi                29p · ovr 66
     9/12 Kapaz PFK                  30p · ovr 66
    10/12 FC Imishli                 28p · ovr 65
    11/12 FK Gabala                  30p · ovr 65
    12/12 Karvan Yevlakh             29p · ovr 62

=== #27 Nike Liga (SLO1) · 2025/26 ===
  12 clubs
     1/12 Slovan Bratislava          30p · ovr 74
     2/12 DAC Dunajska Streda        30p · ovr 69
     3/12 MSK Zilina                 30p · ovr 66
     4/12 AS Trencin                 30p · ovr 62
     5/12 Zeleziarne Podbrezova      30p · ovr 63
     6/12 Spartak Trnava             30p · ovr 65
     7/12 FC Kosice                  30p · ovr 62
     8/12 MFK Ruzomberok             30p · ovr 62
     9/12 Zemplin Michalovce         30p · ovr 63
    10/12 FC Tatran Presov           30p · ovr 61
    11/12 MFK Skalica                30p · ovr 61
    12/12 KFC Komarno                30p · ovr 61

=== #28 Parva Liga (BU1) · 2025/26 ===
  16 clubs
     1/16 Ludogorets Razgrad         30p · ovr 74
     2/16 Levski Sofia               30p · ovr 73
     3/16 CSKA Sofia                 30p · ovr 71
     4/16 CSKA 1948                  30p · ovr 69
     5/16 Botev Plovdiv              30p · ovr 67
     6/16 Arda Kardzhali             29p · ovr 68
     7/16 Slavia Sofia               30p · ovr 66
     8/16 Lokomotiv Plovdiv          30p · ovr 67
     9/16 Beroe                      30p · ovr 64
    10/16 Botev Vratsa               30p · ovr 64
    11/16 Lokomotiv Sofia            30p · ovr 67
    12/16 Dobrudzha                  30p · ovr 63
    13/16 Septemvri Sofia            30p · ovr 62
    14/16 Cherno More Varna          30p · ovr 65
    15/16 Spartak Varna              30p · ovr 62
    16/16 Montana                    30p · ovr 62

=== #30 Super Liga (SER1) · 2025/26 ===
  16 clubs
     1/16 Red Star Belgrade          30p · ovr 79
     2/16 FK Partizan Belgrade       30p · ovr 73
     3/16 OFK Beograd                30p · ovr 68
     4/16 FK Vojvodina Novi Sad      30p · ovr 70
     5/16 FK Zeleznicar Pancevo      30p · ovr 68
     6/16 FK TSC Backa Topola        30p · ovr 69
     7/16 FK Cukaricki               30p · ovr 68
     8/16 FK IMT Belgrad             30p · ovr 66
     9/16 FK Novi Pazar              30p · ovr 66
    10/16 FK Radnik Surdulica        30p · ovr 66
    11/16 FK Radnicki 1923 Kragujevac 30p · ovr 65
    12/16 FK Radnicki Nis            30p · ovr 65
    13/16 FK Napredak Krusevac       30p · ovr 65
    14/16 FK Spartak Subotica        30p · ovr 64
    15/16 FK Javor-Matis Ivanjica    30p · ovr 65
    16/16 FK Mladost Lucani          30p · ovr 65

=== #31 Besta deild (IS1) · 2025/26 ===
  12 clubs
     1/12 Víkingur Reykjavík         25p · ovr 65
     2/12 Valur Reykjavík            25p · ovr 62
     3/12 Breidablik Kópavogur       22p · ovr 61
     4/12 Stjarnan Gardabaer         22p · ovr 62
     5/12 KR Reykjavík               23p · ovr 60
     6/12 Fram Reykjavík             20p · ovr 60
     7/12 ÍBV Vestmannaeyjar         23p · ovr 60
     8/12 ÍA Akranes                 22p · ovr 60
     9/12 Keflavík ÍF                25p · ovr 60
    10/12 KA Akureyri                24p · ovr 60
    11/12 FH Hafnarfjördur           20p · ovr 60
    12/12 Thór Akureyri              23p · ovr 60

=== #32 Premier Division (IR1) · 2025/26 ===
  10 clubs
     1/10 Shamrock Rovers            30p · ovr 64
     2/10 St. Patrick's Athletic     30p · ovr 62
     3/10 Bohemian Football Club     26p · ovr 61
     4/10 Shelbourne FC              30p · ovr 61
     5/10 Derry City                 27p · ovr 62
     6/10 Drogheda United FC         29p · ovr 60
     7/10 Sligo Rovers               29p · ovr 60
     8/10 Dundalk FC                 30p · ovr 61
     9/10 Galway United FC           27p · ovr 60
    10/10 Waterford FC               30p · ovr 60

=== #33 Premier League (ARM1) · 2025/26 ===
  10 clubs
     1/10 FC Noah Yerevan            30p · ovr 68
     2/10 FC Pyunik Yerevan          30p · ovr 65
     3/10 FC Ararat-Armenia          30p · ovr 65
     4/10 Alashkert Yerevan FC       30p · ovr 61
     5/10 FC Urartu Yerevan          30p · ovr 63
     6/10 FC Van                     30p · ovr 60
     7/10 Gandzasar Kapan            30p · ovr 60
     8/10 BKMA Yerevan               30p · ovr 60
     9/10 FC Ararat Yerevan          30p · ovr 60
    10/10 FC Shirak Gyumri           30p · ovr 60

=== #34 Premijer Liga (BOS1) · 2025/26 ===
  10 clubs
     1/10 FK Sarajevo                30p · ovr 67
     2/10 HSK Zrinjski Mostar        30p · ovr 65
     3/10 FK Borac Banja Luka        30p · ovr 66
     4/10 FK Zeljeznicar Sarajevo    30p · ovr 64
     5/10 FK Velez Mostar            30p · ovr 63
     6/10 FK Radnik Bijeljina        30p · ovr 62
     7/10 NK Siroki Brijeg           30p · ovr 62
     8/10 HSK Posusje                30p · ovr 62
     9/10 FK Rudar Prijedor          30p · ovr 61
    10/10 FK Sloga Meridian          30p · ovr 61

=== #35 Superliga (KO1) · 2025/26 ===
  10 clubs
     1/10 FC Drita                   30p · ovr 66
     2/10 FC Ballkani                30p · ovr 65
     3/10 FC Prishtina               30p · ovr 64
     4/10 FC Malisheva               30p · ovr 66
     5/10 SC Gjilani                 30p · ovr 64
     6/10 KF Llapi                   30p · ovr 64
     7/10 FC Ferizaj                 30p · ovr 62
     8/10 FC Drenica                 30p · ovr 62
     9/10 KF Dukagjini               30p · ovr 63
    10/10 KF Prishtina e Re          30p · ovr 61

=== #36 Premier League (KAS1) · 2025/26 ===
  16 clubs
     1/16 Kairat Almaty              26p · ovr 67
     2/16 Ordabasy Shymkent          27p · ovr 68
     3/16 Tobol Kostanay             27p · ovr 67
     4/16 FC Astana                  26p · ovr 68
     5/16 FC Aktobe                  24p · ovr 68
     6/16 Yelimay Semey              24p · ovr 66
     7/16 Okzhetpes Kokshetau        27p · ovr 62
     8/16 Kaysar Kyzylorda           28p · ovr 62
     9/16 Irtysh Pavlodar            30p · ovr 62
    10/16 Qyzyljar Petropavlovsk     28p · ovr 63
    11/16 FC Atyrau                  24p · ovr 63
    12/16 Zhenis Astana              22p · ovr 63
    13/16 Kaspiy Aktau               30p · ovr 60
    14/16 FC Ulytau Zhezkazgan       26p · ovr 62
    15/16 Zhetysu Taldykorgan        21p · ovr 62
    16/16 Altay Oskemen              25p · ovr 60

=== #37 Veikkausliiga (FI1) · 2025/26 ===
  12 clubs
     1/12 HJK Helsinki               27p · ovr 64
     2/12 Kuopion Palloseura         28p · ovr 63
     3/12 FC Inter Turku             26p · ovr 61
     4/12 Ilves Tampere              24p · ovr 61
     5/12 SJK Seinäjoki              27p · ovr 60
     6/12 AC Oulu                    24p · ovr 60
     7/12 IF Gnistan                 27p · ovr 62
     8/12 Vaasan Palloseura          27p · ovr 60
     9/12 FC Lahti                   23p · ovr 60
    10/12 Turun Palloseura           23p · ovr 60
    11/12 FF Jaro                    27p · ovr 60
    12/12 IFK Mariehamn              21p · ovr 60

=== #38 Virsliga (LET1) · 2025/26 ===
  10 clubs
     1/10 Riga FC                    29p · ovr 67
     2/10 FC RFS                     30p · ovr 67
     3/10 FK Liepaja                 28p · ovr 64
     4/10 FK Auda                    27p · ovr 60
     5/10 Ogre United                30p · ovr 60
     6/10 BFC Daugavpils             26p · ovr 60
     7/10 FK Grobina                 28p · ovr 60
     8/10 FS Jelgava                 25p · ovr 60
     9/10 FK Tukums 2000             24p · ovr 60
    10/10 SK Super Nova              26p · ovr 60

=== #39 Super Liga (MO1N) · 2025/26 ===
  8 clubs
     1/8 FC Sheriff Tiraspol        30p · ovr 64
     2/8 FC Zimbru Chisinau         30p · ovr 62
     3/8 FC Petrocub Hincesti       30p · ovr 65
     4/8 FC Milsami Orhei           30p · ovr 62
     5/8 FC Balti                   30p · ovr 60
     6/8 Dacia Buiucani             30p · ovr 60
     7/8 Politehnica UTM Сhișinău   30p · ovr 60
     8/8 CSF Spartanii Sportul Selemet 30p · ovr 60

=== #41 Betri deildin (FARO) · 2025/26 ===
  10 clubs
     1/10 KÍ Klaksvík                28p · ovr 62
     2/10 NSÍ Runavík                28p · ovr 60
     3/10 HB Tórshavn                24p · ovr 60
     4/10 B36 Tórshavn               27p · ovr 60
     5/10 Víkingur Gøta              20p · ovr 60
     6/10 B68 Toftir                 27p · ovr 60
     7/10 07 Vestur                  26p · ovr 60
     8/10 EB/Streymur                28p · ovr 60
     9/10 AB Argir                   30p · ovr 60
    10/10 Skála IF                   30p · ovr 60

=== #42 Prva Liga (MAZ1) · 2025/26 ===
  12 clubs
     1/12 Shkendija Tetovo           29p · ovr 66
     2/12 Vardar Skopje              30p · ovr 64
     3/12 Struga Trim & Lum          30p · ovr 64
     4/12 Rabotnicki Skopje          30p · ovr 61
     5/12 Sileks Kratovo             30p · ovr 63
     6/12 Makedonija Gjorce Petrov   30p · ovr 61
     7/12 AP Brera Strumica          30p · ovr 60
     8/12 Tikves Kavadarci           30p · ovr 63
     9/12 Bashkimi                   30p · ovr 62
    10/12 Arsimi                     30p · ovr 61
    11/12 Pelister Bitola            30p · ovr 62
    12/12 FC Shkupi                  30p · ovr 60

=== #43 Premier League (MAL1) · 2025/26 ===
  14 clubs
     1/14 Floriana FC                30p · ovr 63
     2/14 Hamrun Spartans            30p · ovr 63
     3/14 Balzan FC                  23p · ovr 60
     4/14 Marsaxlokk FC              28p · ovr 63
     5/14 Birkirkara FC              30p · ovr 63
     6/14 Sliema Wanderers           29p · ovr 64
     7/14 Gzira United FC            25p · ovr 61
     8/14 Hibernians FC              30p · ovr 64
     9/14 Santa Lucia FC             16p · ovr 60
    10/14 Naxxar Lions FC            30p · ovr 60
    11/14 Mosta FC                   30p · ovr 60
    12/14 Valletta FC                30p · ovr 63
    13/14 Gudja United FC            16p · ovr 60
    14/14 Sirens FC                  11p · ovr 60

=== #44 Kategoria Superiore (ALB1) · 2025/26 ===
  10 clubs
     1/10 FC Dinamo City             30p · ovr 65
     2/10 KF Egnatia                 30p · ovr 65
     3/10 FK Partizani               30p · ovr 62
     4/10 KF Tirana                  30p · ovr 63
     5/10 KF Vllaznia                30p · ovr 64
     6/10 Flamurtari FC              30p · ovr 62
     7/10 AF Elbasani                29p · ovr 64
     8/10 KF Teuta                   30p · ovr 62
     9/10 FK Bylis                   30p · ovr 60
    10/10 KF Vora                    30p · ovr 61

=== #45 Vysshaya Liga (WER1) · 2025/26 ===
  16 clubs
     1/16 ML Vitebsk                 25p · ovr 68
     2/16 Dinamo Minsk               22p · ovr 65
     3/16 Dynamo Brest               20p · ovr 63
     4/16 Torpedo-BelAZ Zhodino      27p · ovr 63
     5/16 Slavia Mozyr               24p · ovr 62
     6/16 BATE Borisov               27p · ovr 60
     7/16 FK Gomel                   20p · ovr 62
     8/16 Isloch Minsk Region        26p · ovr 62
     9/16 FK Minsk                   27p · ovr 62
    10/16 Neman Grodno               27p · ovr 64
    11/16 FK Vitebsk                 25p · ovr 61
    12/16 Arsenal Dzerzhinsk         22p · ovr 60
    13/16 Dnepr Mogilev              30p · ovr 60
    14/16 FC Baranovichi             23p · ovr 60
    15/16 Belshina Bobruisk          24p · ovr 60
    16/16 Naftan Novopolotsk         24p · ovr 60

=== #46 A Lyga (LI1) · 2025/26 ===
  10 clubs
     1/10 FK Kauno Zalgiris          23p · ovr 67
     2/10 FK Zalgiris Vilnius        30p · ovr 65
     3/10 FA Siauliai                27p · ovr 62
     4/10 FK Banga Gargzdai          23p · ovr 64
     5/10 FK Suduva Marijampole      26p · ovr 64
     6/10 FC Hegelmann               22p · ovr 63
     7/10 FK Panevezys               26p · ovr 64
     8/10 FK TransINVEST             26p · ovr 63
     9/10 FC Džiugas Telšiai         22p · ovr 62
    ! fk-riteriai: no players parsed for FK Riteriai

=== #47 National League (GI1) · 2025/26 ===
  12 clubs
     1/12 Lincoln Red Imps FC        30p · ovr 60
     2/12 St Joseph's FC             30p · ovr 60
     3/12 Lions Gibraltar FC         29p · ovr 60
     4/12 Europa FC                  30p · ovr 60
     5/12 FC Bruno's Magpies         30p · ovr 60
     6/12 Mons Calpe SC              28p · ovr 60
     7/12 Lynx FC                    30p · ovr 60
     8/12 Europa Point FC            30p · ovr 60
     9/12 Manchester 62 FC           30p · ovr 60
    10/12 Glacis United              30p · ovr 60
    11/12 FC College 1975            30p · ovr 60
    12/12 FC Hound Dogs              30p · ovr 60

=== #48 Prva Liga (MNE1) · 2025/26 ===
  10 clubs
     1/10 Buducnost Podgorica        30p · ovr 63
     2/10 FK Sutjeska Niksic         30p · ovr 65
     3/10 OFK Petrovac               30p · ovr 63
     4/10 FK Decic Tuzi              29p · ovr 63
     5/10 FK Mornar Bar              30p · ovr 63
     6/10 FK Mladost Donja Gorica    30p · ovr 60
     7/10 FK Jezero                  27p · ovr 60
     8/10 Arsenal Tivat              30p · ovr 60
     9/10 FK Bokelj                  30p · ovr 60
    10/10 Jedinstvo Bijelo Polje     30p · ovr 60

=== #49 Premiership (NIR1) · 2025/26 ===
  12 clubs
     1/12 Glentoran FC               30p · ovr 62
     2/12 Larne FC                   30p · ovr 62
     3/12 Linfield FC                30p · ovr 61
     4/12 Coleraine FC               30p · ovr 61
     5/12 Cliftonville FC            30p · ovr 60
     6/12 Dungannon Swifts FC        30p · ovr 61
     7/12 Ballymena United FC        30p · ovr 60
     8/12 Portadown FC               30p · ovr 62
     9/12 Crusaders FC               30p · ovr 60
    10/12 Bangor FC                  30p · ovr 60
    11/12 Carrick Rangers FC         30p · ovr 60
    12/12 Glenavon FC                30p · ovr 60

=== #50 National Division (LUX1) · 2025/26 ===
  16 clubs
     1/16 FC Progrès Niederkorn      26p · ovr 60
     2/16 FC Differdange 03          30p · ovr 63
     3/16 FC Atert Bissen            30p · ovr 64
     4/16 Racing FC Union Luxembourg 30p · ovr 60
     5/16 F91 Dudelange              27p · ovr 60
     6/16 US Mondorf-Les-Bains       28p · ovr 61
     7/16 FC UNA Strassen            30p · ovr 62
     8/16 US Hostert                 29p · ovr 60
     9/16 Jeunesse Esch              27p · ovr 60
    10/16 UN Käerjeng 97             23p · ovr 60
    11/16 FC Victoria Rosport        23p · ovr 60
    12/16 Union Titus Petange        30p · ovr 60
    13/16 Swift Hesperange           29p · ovr 60
    14/16 FC Rodange 91              19p · ovr 60
    15/16 FC Mamer 32                29p · ovr 60
    16/16 FC Jeunesse Canach         29p · ovr 61

=== #51 Primera Divisió (AND1) · 2025/26 ===
  10 clubs
     1/10 Inter Club d'Escaldes      30p · ovr 64
     2/10 FC Rànger's                30p · ovr 63
     3/10 Atlètic Club d'Escaldes    30p · ovr 63
     4/10 UE Santa Coloma            26p · ovr 63
     5/10 FC Santa Coloma            30p · ovr 62
     6/10 Penya Encarnada d'Andorra  23p · ovr 61
     7/10 FC Ordino                  30p · ovr 60
     8/10 Club Esportiu Carroi       25p · ovr 61
     9/10 CF Esperança d'Andorra     25p · ovr 60
    10/10 FC Pas de la Casa           2p · ovr 60

=== #52 Erovnuli Liga (GE1N) · 2025/26 ===
  10 clubs
     1/10 Iberia 1999 Tbilisi        24p · ovr 63
     2/10 Torpedo Kutaisi            29p · ovr 64
     3/10 Dinamo Tbilisi             27p · ovr 63
     4/10 FC Dila Gori               28p · ovr 60
     5/10 Dinamo Batumi              30p · ovr 61
     6/10 FC Samgurali Tskaltubo     28p · ovr 60
     7/10 FC Rustavi                 26p · ovr 60
     8/10 FC Gagra                   24p · ovr 60
     9/10 FC Spaeri Tbilisi          21p · ovr 60
    10/10 FC Meshakhte Tkibuli       25p · ovr 60

=== #53 Meistriliiga (EST1) · 2025/26 ===
  10 clubs
     1/10 Kalju FC                   27p · ovr 60
     2/10 FCI Levadia                23p · ovr 61
     3/10 Paide Linnameeskond        27p · ovr 62
     4/10 FC Flora Tallinn           25p · ovr 60
     5/10 Pärnu JK Vaprus            28p · ovr 60
     6/10 JK Trans Narva             28p · ovr 60
     7/10 Harju JK Laagri            29p · ovr 60
     8/10 Jalgpallikool Tammeka      27p · ovr 60
     9/10 FC Nomme United            23p · ovr 60
    10/10 FC Kuressaare              22p · ovr 60

=== #54 Cymru Premier (WAL1) · 2025/26 ===
  12 clubs
     1/12 The New Saints             30p · ovr 60
     2/12 Connah's Quay Nomads       30p · ovr 60
     3/12 Caernarfon Town            30p · ovr 60
     4/12 Penybont FC                30p · ovr 60
     5/12 Colwyn Bay                 30p · ovr 60
     6/12 Barry Town United          28p · ovr 60
     7/12 Briton Ferry Llansawel     30p · ovr 60
     8/12 Flint Town United          30p · ovr 60
     9/12 Haverfordwest County       28p · ovr 60
    10/12 Cardiff Metropolitan University 30p · ovr 60
    11/12 Bala Town                  30p · ovr 60
    12/12 Llanelli Town AFC          30p · ovr 60

=== #55 Campionato (SMR1) · 2025/26 ===
  16 clubs
     1/16 Tre Fiori FC               30p · ovr 62
     2/16 AC Virtus Acquaviva        30p · ovr 62
     3/16 La Fiorita 1967            30p · ovr 61
     4/16 SP Tre Penne               25p · ovr 60
     5/16 SS Folgore/Falciano        27p · ovr 60
     6/16 FC Domagnano               27p · ovr 60
     7/16 FC Fiorentino              24p · ovr 60
     8/16 SS Cosmos                  30p · ovr 60
     9/16 AC Juvenes-Dogana          27p · ovr 60
    10/16 SS Pennarossa              30p · ovr 60
    11/16 AC Libertas                30p · ovr 60
    12/16 SS San Giovanni            26p · ovr 60
    13/16 SC Faetano                 30p · ovr 60
    14/16 San Marino Academy         30p · ovr 60
    15/16 SP Cailungo                27p · ovr 60
    16/16 SS Murata                  30p · ovr 60

✓ 719 clubs · 20753 player-seasons → scripts\seed\CustomUcl.json
  league coverage:
    ✓ premier_league     20 clubs
    ✓ serie_a            20 clubs
    ✓ la_liga            20 clubs
    ✓ bundesliga         18 clubs
    ✓ ligue_1            18 clubs
    ✓ liga_portugal      18 clubs
    ✓ pro_league         16 clubs
    ✓ eredivisie         18 clubs
    ✓ super_lig          18 clubs
    ✓ czech_liga         16 clubs
    ✓ ekstraklasa        18 clubs
    ✓ super_league_gr    14 clubs
    ✓ superliga_dk       12 clubs
    ✓ eliteserien        16 clubs
    ✓ cyprus_first       14 clubs
    ✓ super_league_ch    12 clubs
    ✓ allsvenskan        16 clubs
    ✓ nb_i               12 clubs
    ✓ scottish_prem      12 clubs
    ✓ austria_bl         12 clubs
    ✓ ukraine_upl        16 clubs
    ✓ romania_l1         16 clubs
    ✓ croatia_hnl        10 clubs
    ✓ slovenia_pl        10 clubs
    ✓ israel_pl          14 clubs
    ✓ azerbaijan_pl      12 clubs
    ✓ slovakia_l1        12 clubs
    ✓ bulgaria_pl        16 clubs
    ✓ serbia_sl          16 clubs
    ✓ iceland_pl         12 clubs
    ✓ ireland_pd         10 clubs
    ✓ armenia_pl         10 clubs
    ✓ bosnia_pl          10 clubs
    ✓ kosovo_sl          10 clubs
    ✓ kazakhstan_pl      16 clubs
    ✓ finland_vl         12 clubs
    ✓ latvia_vl          10 clubs
    ✓ moldova_sl         8 clubs
    ✓ faroe_pd           10 clubs
    ✓ nmacedonia_pl      12 clubs
    ✓ malta_pl           14 clubs
    ✓ albania_ks         10 clubs
    ✓ belarus_vl         16 clubs
    ✓ lithuania_al       9 clubs
    ✓ gibraltar_nl       12 clubs
    ✓ montenegro_pl      10 clubs
    ✓ nireland_pr        12 clubs
    ✓ luxembourg_nd      16 clubs
    ✓ andorra_pd         10 clubs
    ✓ georgia_el         10 clubs
    ✓ estonia_ml         10 clubs
    ✓ wales_cp           12 clubs
    ✓ sanmarino_cs       16 clubs
