
=== Premier League (GB1) · seasons 2023–2025 ===
  2025/26: 20 clubs
     1/20 Arsenal FC                   24p · ovr 85
     2/20 Liverpool FC                 28p · ovr 82
     3/20 Manchester City              28p · ovr 84
     4/20 Chelsea FC                   30p · ovr 82
     5/20 Manchester United            25p · ovr 83
     6/20 Tottenham Hotspur            30p · ovr 82
     7/20 Newcastle United             29p · ovr 82
     8/20 Nottingham Forest            29p · ovr 81
     9/20 Brighton & Hove Albion       30p · ovr 81
    10/20 AFC Bournemouth              26p · ovr 81
    11/20 Crystal Palace               30p · ovr 80
    12/20 Aston Villa                  26p · ovr 83
    13/20 Brentford FC                 30p · ovr 79
    14/20 Everton FC                   26p · ovr 80
    15/20 Sunderland AFC               28p · ovr 79
    16/20 West Ham United              23p · ovr 81
    17/20 Leeds United                 26p · ovr 80
    18/20 Fulham FC                    25p · ovr 81
    19/20 Wolverhampton Wanderers      27p · ovr 79
    20/20 Burnley FC                   30p · ovr 79
  2024/25: 20 clubs
     1/20 Arsenal FC                   30p · ovr 83
     2/20 Liverpool FC                 30p · ovr 81
     3/20 Manchester City              30p · ovr 84
     4/20 Chelsea FC                   30p · ovr 84
     5/20 Manchester United            30p · ovr 82
     6/20 Tottenham Hotspur            30p · ovr 82
     7/20 Aston Villa                  30p · ovr 82
     8/20 Newcastle United             30p · ovr 81
     9/20 Brighton & Hove Albion       30p · ovr 82
    10/20 Crystal Palace               30p · ovr 81
    11/20 AFC Bournemouth              30p · ovr 81
    12/20 Nottingham Forest            30p · ovr 81
    13/20 Wolverhampton Wanderers      30p · ovr 80
    14/20 Brentford FC                 30p · ovr 79
    15/20 West Ham United              29p · ovr 79
    16/20 Everton FC                   30p · ovr 79
    17/20 Fulham FC                    28p · ovr 80
    18/20 Southampton FC               30p · ovr 79
    19/20 Ipswich Town                 30p · ovr 78
    20/20 Leicester City               30p · ovr 79
  2023/24: 20 clubs
     1/20 Arsenal FC                   30p · ovr 83
     2/20 Liverpool FC                 30p · ovr 83
     3/20 Manchester City              30p · ovr 84
     4/20 Chelsea FC                   30p · ovr 82
     5/20 Tottenham Hotspur            30p · ovr 83
     6/20 Manchester United            30p · ovr 82
     7/20 Aston Villa                  30p · ovr 82
     8/20 Newcastle United             30p · ovr 81
     9/20 Brighton & Hove Albion       30p · ovr 81
    10/20 Nottingham Forest            30p · ovr 81
    11/20 West Ham United              30p · ovr 80
    12/20 Crystal Palace               30p · ovr 79
    13/20 Wolverhampton Wanderers      30p · ovr 79
    14/20 Brentford FC                 30p · ovr 80
    15/20 AFC Bournemouth              30p · ovr 80
    16/20 Everton FC                   30p · ovr 79
    17/20 Fulham FC                    30p · ovr 80
    18/20 Burnley FC                   30p · ovr 79
    19/20 Sheffield United             30p · ovr 77
    20/20 Luton Town                   30p · ovr 77
✓ 25 clubs · 60 club-seasons · 1747 player-seasons → scripts\seed\premier_league.json

=== LaLiga (ES1) · seasons 2023–2025 ===
  2025/26: 20 clubs
     1/20 FC Barcelona                 24p · ovr 84
     2/20 Real Madrid                  29p · ovr 83
     3/20 Atlético de Madrid           23p · ovr 84
     4/20 Villarreal CF                27p · ovr 80
     5/20 Real Sociedad                25p · ovr 79
     6/20 Real Betis Balompié          27p · ovr 80
     7/20 Athletic Bilbao              28p · ovr 78
     8/20 Celta de Vigo                28p · ovr 78
     9/20 Sevilla FC                   28p · ovr 78
    10/20 Girona FC                    27p · ovr 77
    11/20 Valencia CF                  27p · ovr 78
    12/20 RCD Espanyol Barcelona       24p · ovr 77
    13/20 Levante UD                   27p · ovr 75
    14/20 Rayo Vallecano               27p · ovr 77
    15/20 CA Osasuna                   23p · ovr 77
    16/20 Elche CF                     26p · ovr 76
    17/20 RCD Mallorca                 26p · ovr 76
    18/20 Getafe CF                    25p · ovr 76
    19/20 Deportivo Alavés             24p · ovr 75
    20/20 Real Oviedo                  26p · ovr 75
  2024/25: 20 clubs
     1/20 FC Barcelona                 30p · ovr 81
     2/20 Real Madrid                  30p · ovr 82
     3/20 Atlético de Madrid           30p · ovr 81
     4/20 Athletic Bilbao              30p · ovr 79
     5/20 Real Sociedad                30p · ovr 78
     6/20 Real Betis Balompié          30p · ovr 79
     7/20 Villarreal CF                30p · ovr 78
     8/20 Valencia CF                  30p · ovr 77
     9/20 Sevilla FC                   30p · ovr 77
    10/20 Girona FC                    30p · ovr 76
    11/20 Celta de Vigo                30p · ovr 76
    12/20 UD Las Palmas                30p · ovr 75
    13/20 RCD Espanyol Barcelona       30p · ovr 75
    14/20 CA Osasuna                   30p · ovr 75
    15/20 Deportivo Alavés             30p · ovr 75
    16/20 Getafe CF                    30p · ovr 74
    17/20 RCD Mallorca                 30p · ovr 75
    18/20 Real Valladolid CF           30p · ovr 74
    19/20 Rayo Vallecano               30p · ovr 75
    20/20 CD Leganés                   30p · ovr 74
  2023/24: 20 clubs
     1/20 FC Barcelona                 30p · ovr 82
     2/20 Real Madrid                  30p · ovr 82
     3/20 Real Sociedad                30p · ovr 80
     4/20 Atlético de Madrid           30p · ovr 81
     5/20 Girona FC                    30p · ovr 77
     6/20 Athletic Bilbao              30p · ovr 78
     7/20 Villarreal CF                30p · ovr 79
     8/20 Valencia CF                  30p · ovr 75
     9/20 Sevilla FC                   30p · ovr 80
    10/20 Real Betis Balompié          30p · ovr 78
    11/20 Celta de Vigo                30p · ovr 77
    12/20 Granada CF                   30p · ovr 76
    13/20 Getafe CF                    30p · ovr 75
    14/20 Deportivo Alavés             30p · ovr 75
    15/20 UD Las Palmas                30p · ovr 74
    16/20 CA Osasuna                   30p · ovr 76
    17/20 UD Almería                   30p · ovr 75
    18/20 RCD Mallorca                 30p · ovr 74
    19/20 Rayo Vallecano               30p · ovr 75
    20/20 Cádiz CF                     30p · ovr 75
✓ 26 clubs · 60 club-seasons · 1721 player-seasons → scripts\seed\la_liga.json

=== Bundesliga (L1) · seasons 2023–2025 ===
  2025/26: 19 clubs
     1/19 Bayern Munich                25p · ovr 83
     2/19 RB Leipzig                   28p · ovr 79
     3/19 Borussia Dortmund            26p · ovr 80
     4/19 Bayer 04 Leverkusen          27p · ovr 80
     5/19 VfB Stuttgart                30p · ovr 79
     6/19 Eintracht Frankfurt          29p · ovr 79
     7/19 TSG 1899 Hoffenheim          29p · ovr 78
     8/19 SC Freiburg                  25p · ovr 79
     9/19 VfL Wolfsburg                30p · ovr 77
    10/19 Hamburger SV                 30p · ovr 75
    11/19 SV Werder Bremen             30p · ovr 76
    12/19 FC Augsburg                  29p · ovr 75
    13/19 1.FSV Mainz 05               30p · ovr 76
    14/19 1.FC Köln                    30p · ovr 75
    15/19 Borussia Mönchengladbach     28p · ovr 77
    16/19 1.FC Union Berlin            26p · ovr 76
    17/19 1.FC Heidenheim 1846         29p · ovr 73
    18/19 FC St. Pauli                 30p · ovr 73
    19/19 SC Paderborn 07              26p · ovr 72
  2024/25: 19 clubs
     1/19 Bayern Munich                30p · ovr 83
     2/19 Bayer 04 Leverkusen          30p · ovr 79
     3/19 RB Leipzig                   30p · ovr 79
     4/19 Borussia Dortmund            30p · ovr 80
     5/19 Eintracht Frankfurt          30p · ovr 78
     6/19 VfB Stuttgart                30p · ovr 79
     7/19 VfL Wolfsburg                30p · ovr 79
     8/19 Borussia Mönchengladbach     30p · ovr 76
     9/19 TSG 1899 Hoffenheim          30p · ovr 77
    10/19 SC Freiburg                  30p · ovr 77
    11/19 1.FSV Mainz 05               30p · ovr 76
    12/19 FC Augsburg                  30p · ovr 77
    13/19 1.FC Union Berlin            30p · ovr 76
    14/19 SV Werder Bremen             30p · ovr 76
    15/19 1.FC Heidenheim 1846         30p · ovr 74
    16/19 FC St. Pauli                 30p · ovr 74
    17/19 VfL Bochum                   30p · ovr 74
    18/19 Holstein Kiel                30p · ovr 73
    19/19 SV 07 Elversberg             28p · ovr 71
  2023/24: 19 clubs
     1/19 Bayern Munich                30p · ovr 82
     2/19 Bayer 04 Leverkusen          30p · ovr 79
     3/19 RB Leipzig                   30p · ovr 79
     4/19 Borussia Dortmund            30p · ovr 80
     5/19 VfB Stuttgart                30p · ovr 78
     6/19 Eintracht Frankfurt          30p · ovr 78
     7/19 VfL Wolfsburg                30p · ovr 77
     8/19 SC Freiburg                  30p · ovr 77
     9/19 TSG 1899 Hoffenheim          30p · ovr 77
    10/19 Borussia Mönchengladbach     30p · ovr 76
    11/19 1.FC Union Berlin            30p · ovr 78
    12/19 1.FSV Mainz 05               30p · ovr 76
    13/19 FC Augsburg                  30p · ovr 76
    14/19 SV Werder Bremen             30p · ovr 76
    15/19 1.FC Köln                    30p · ovr 75
    16/19 1.FC Heidenheim 1846         28p · ovr 73
    17/19 VfL Bochum                   30p · ovr 75
    18/19 SV Darmstadt 98              30p · ovr 73
    19/19 Fortuna Düsseldorf           30p · ovr 71
✓ 24 clubs · 57 club-seasons · 1673 player-seasons → scripts\seed\bundesliga.json

=== Serie A (IT1) · seasons 2023–2025 ===
  2025/26: 20 clubs
     1/20 Inter Milan                  24p · ovr 84
     2/20 Juventus FC                  25p · ovr 82
     3/20 AS Roma                      27p · ovr 80
     4/20 AC Milan                     23p · ovr 82
     5/20 Atalanta BC                  24p · ovr 82
     6/20 SSC Napoli                   26p · ovr 81
     7/20 Como 1907                    27p · ovr 79
     8/20 Bologna FC 1909              27p · ovr 80
     9/20 ACF Fiorentina               27p · ovr 78
    10/20 SS Lazio                     28p · ovr 79
    11/20 US Sassuolo                  29p · ovr 77
    12/20 Parma Calcio 1913            25p · ovr 77
    13/20 Udinese Calcio               26p · ovr 77
    14/20 Cagliari Calcio              29p · ovr 76
    15/20 Genoa CFC                    26p · ovr 77
    16/20 Torino FC                    30p · ovr 76
    17/20 Pisa Sporting Club           29p · ovr 76
    18/20 US Lecce                     27p · ovr 75
    19/20 Hellas Verona                30p · ovr 74
    20/20 US Cremonese                 27p · ovr 76
  2024/25: 20 clubs
     1/20 Inter Milan                  30p · ovr 83
     2/20 Juventus FC                  30p · ovr 82
     3/20 AC Milan                     30p · ovr 81
     4/20 Atalanta BC                  30p · ovr 81
     5/20 SSC Napoli                   30p · ovr 81
     6/20 AS Roma                      30p · ovr 80
     7/20 ACF Fiorentina               30p · ovr 80
     8/20 Bologna FC 1909              30p · ovr 79
     9/20 SS Lazio                     30p · ovr 79
    10/20 Torino FC                    30p · ovr 77
    11/20 Como 1907                    30p · ovr 77
    12/20 Udinese Calcio               30p · ovr 78
    13/20 Genoa CFC                    30p · ovr 76
    14/20 Parma Calcio 1913            30p · ovr 76
    15/20 US Lecce                     30p · ovr 75
    16/20 Hellas Verona                30p · ovr 75
    17/20 FC Empoli                    30p · ovr 74
    18/20 AC Monza                     30p · ovr 75
    19/20 Venezia FC                   30p · ovr 75
    20/20 Cagliari Calcio              30p · ovr 76
  2023/24: 20 clubs
     1/20 Inter Milan                  30p · ovr 81
     2/20 Juventus FC                  30p · ovr 80
     3/20 AC Milan                     30p · ovr 80
     4/20 SSC Napoli                   30p · ovr 81
     5/20 Atalanta BC                  30p · ovr 79
     6/20 Bologna FC 1909              30p · ovr 79
     7/20 AS Roma                      30p · ovr 80
     8/20 ACF Fiorentina               30p · ovr 80
     9/20 Torino FC                    30p · ovr 77
    10/20 SS Lazio                     30p · ovr 78
    11/20 Genoa CFC                    30p · ovr 77
    12/20 Udinese Calcio               30p · ovr 77
    13/20 AC Monza                     30p · ovr 76
    14/20 Hellas Verona                30p · ovr 76
    15/20 US Sassuolo                  30p · ovr 76
    16/20 Frosinone Calcio             30p · ovr 75
    17/20 US Lecce                     30p · ovr 75
    18/20 FC Empoli                    30p · ovr 75
    19/20 US Salernitana 1919          30p · ovr 76
    20/20 Cagliari Calcio              30p · ovr 75
✓ 25 clubs · 60 club-seasons · 1736 player-seasons → scripts\seed\serie_a.json

=== Ligue 1 (FR1) · seasons 2023–2025 ===
  2025/26: 21 clubs
     1/21 Paris Saint-Germain          24p · ovr 84
     2/21 AS Monaco                    28p · ovr 79
     3/21 RC Strasbourg Alsace         26p · ovr 78
     4/21 Olympique Marseille          25p · ovr 80
     5/21 Olympique Lyon               29p · ovr 78
     6/21 LOSC Lille                   28p · ovr 78
     7/21 Stade Rennais FC             23p · ovr 79
     8/21 RC Lens                      29p · ovr 76
     9/21 OGC Nice                     29p · ovr 77
    10/21 FC Toulouse                  24p · ovr 76
    11/21 Paris FC                     30p · ovr 76
    12/21 FC Lorient                   25p · ovr 76
    13/21 FC Nantes                    29p · ovr 74
    14/21 AJ Auxerre                   29p · ovr 72
    15/21 Stade Brestois 29            23p · ovr 75
    16/21 Angers SCO                   24p · ovr 74
    17/21 Le Havre AC                  28p · ovr 73
    18/21 FC Metz                      27p · ovr 73
    19/21 AS Saint-Étienne             29p · ovr 73
    20/21 Rodez AF                     26p · ovr 69
    21/21 Red Star FC                  25p · ovr 71
  2024/25: 21 clubs
     1/21 Paris Saint-Germain          30p · ovr 82
     2/21 AS Monaco                    30p · ovr 79
     3/21 Olympique Marseille          30p · ovr 80
     4/21 LOSC Lille                   30p · ovr 79
     5/21 Olympique Lyon               30p · ovr 79
     6/21 RC Strasbourg Alsace         30p · ovr 76
     7/21 Stade Rennais FC             30p · ovr 79
     8/21 OGC Nice                     30p · ovr 77
     9/21 RC Lens                      30p · ovr 78
    10/21 Stade Reims                  30p · ovr 75
    11/21 FC Toulouse                  30p · ovr 74
    12/21 FC Nantes                    30p · ovr 75
    13/21 Stade Brestois 29            30p · ovr 76
    14/21 AJ Auxerre                   30p · ovr 73
    15/21 AS Saint-Étienne             30p · ovr 73
    16/21 Le Havre AC                  30p · ovr 74
    17/21 Montpellier HSC              30p · ovr 74
    18/21 Angers SCO                   30p · ovr 73
    19/21 FC Metz                      30p · ovr 72
    20/21 USL Dunkerque                30p · ovr 70
    21/21 EA Guingamp                  30p · ovr 69
  2023/24: 21 clubs
     1/21 Paris Saint-Germain          30p · ovr 83
     2/21 AS Monaco                    30p · ovr 80
     3/21 Stade Rennais FC             30p · ovr 79
     4/21 LOSC Lille                   30p · ovr 78
     5/21 Olympique Marseille          30p · ovr 80
     6/21 Olympique Lyon               30p · ovr 79
     7/21 OGC Nice                     30p · ovr 78
     8/21 RC Lens                      30p · ovr 77
     9/21 RC Strasbourg Alsace         30p · ovr 75
    10/21 Montpellier HSC              30p · ovr 75
    11/21 FC Toulouse                  30p · ovr 75
    12/21 Stade Reims                  30p · ovr 75
    13/21 FC Lorient                   30p · ovr 76
    14/21 FC Nantes                    30p · ovr 76
    15/21 Stade Brestois 29            30p · ovr 74
    16/21 Le Havre AC                  30p · ovr 73
    17/21 FC Metz                      30p · ovr 73
    18/21 Clermont Foot 63             30p · ovr 72
    19/21 Paris FC                     30p · ovr 71
    20/21 AS Saint-Étienne             30p · ovr 73
    21/21 Rodez AF                     30p · ovr 69
✓ 26 clubs · 63 club-seasons · 1820 player-seasons → scripts\seed\ligue_1.json
